D:\ESTUDOS\+UNISINOS\+CADEIRAS\ARQUITETURAS GRáFICAS DE COMPUTADORES (2014-2)\EXERCíCIOS\EXERCíCIO2\OPENGL_BASEALK\OPENGL_BASEALK\DEBUG\GL_UTILS.OBJ
D:\ESTUDOS\+UNISINOS\+CADEIRAS\ARQUITETURAS GRáFICAS DE COMPUTADORES (2014-2)\EXERCíCIOS\EXERCíCIO2\OPENGL_BASEALK\OPENGL_BASEALK\DEBUG\LUZ.OBJ
D:\ESTUDOS\+UNISINOS\+CADEIRAS\ARQUITETURAS GRáFICAS DE COMPUTADORES (2014-2)\EXERCíCIOS\EXERCíCIO2\OPENGL_BASEALK\OPENGL_BASEALK\DEBUG\MAIN.OBJ
D:\ESTUDOS\+UNISINOS\+CADEIRAS\ARQUITETURAS GRáFICAS DE COMPUTADORES (2014-2)\EXERCíCIOS\EXERCíCIO2\OPENGL_BASEALK\OPENGL_BASEALK\DEBUG\MATHS_FUNCS.OBJ
D:\ESTUDOS\+UNISINOS\+CADEIRAS\ARQUITETURAS GRáFICAS DE COMPUTADORES (2014-2)\EXERCíCIOS\EXERCíCIO2\OPENGL_BASEALK\OPENGL_BASEALK\DEBUG\PONTO.OBJ
D:\ESTUDOS\+UNISINOS\+CADEIRAS\ARQUITETURAS GRÁFICAS DE COMPUTADORES (2014-2)\EXERCÍCIOS\EXERCÍCIO2\OPENGL_BASEALK\OPENGL_BASEALK\DEBUG\VC110.PDB
D:\ESTUDOS\+UNISINOS\+CADEIRAS\ARQUITETURAS GRáFICAS DE COMPUTADORES (2014-2)\EXERCíCIOS\EXERCíCIO2\OPENGL_BASEALK\DEBUG\OPENGL_BASEALK.ILK
D:\ESTUDOS\+UNISINOS\+CADEIRAS\ARQUITETURAS GRáFICAS DE COMPUTADORES (2014-2)\EXERCíCIOS\EXERCíCIO2\OPENGL_BASEALK\DEBUG\OPENGL_BASEALK.EXE
D:\ESTUDOS\+UNISINOS\+CADEIRAS\ARQUITETURAS GRÁFICAS DE COMPUTADORES (2014-2)\EXERCÍCIOS\EXERCÍCIO2\OPENGL_BASEALK\DEBUG\OPENGL_BASEALK.PDB
D:\Estudos\+Unisinos\+CADEIRAS\Arquiteturas Gráficas de Computadores (2014-2)\Exercícios\Exercício2\OpenGL_BaseALK\OpenGL_BaseALK\Debug\gl_utils.obj
D:\Estudos\+Unisinos\+CADEIRAS\Arquiteturas Gráficas de Computadores (2014-2)\Exercícios\Exercício2\OpenGL_BaseALK\OpenGL_BaseALK\Debug\Luz.obj
D:\Estudos\+Unisinos\+CADEIRAS\Arquiteturas Gráficas de Computadores (2014-2)\Exercícios\Exercício2\OpenGL_BaseALK\OpenGL_BaseALK\Debug\main.obj
D:\Estudos\+Unisinos\+CADEIRAS\Arquiteturas Gráficas de Computadores (2014-2)\Exercícios\Exercício2\OpenGL_BaseALK\OpenGL_BaseALK\Debug\maths_funcs.obj
D:\Estudos\+Unisinos\+CADEIRAS\Arquiteturas Gráficas de Computadores (2014-2)\Exercícios\Exercício2\OpenGL_BaseALK\OpenGL_BaseALK\Debug\Ponto.obj
D:\Estudos\+Unisinos\+CADEIRAS\Arquiteturas Gráficas de Computadores (2014-2)\Exercícios\Exercício2\OpenGL_BaseALK\OpenGL_BaseALK\Debug\cl.command.1.tlog
D:\Estudos\+Unisinos\+CADEIRAS\Arquiteturas Gráficas de Computadores (2014-2)\Exercícios\Exercício2\OpenGL_BaseALK\OpenGL_BaseALK\Debug\CL.read.1.tlog
D:\Estudos\+Unisinos\+CADEIRAS\Arquiteturas Gráficas de Computadores (2014-2)\Exercícios\Exercício2\OpenGL_BaseALK\OpenGL_BaseALK\Debug\CL.write.1.tlog
D:\Estudos\+Unisinos\+CADEIRAS\Arquiteturas Gráficas de Computadores (2014-2)\Exercícios\Exercício2\OpenGL_BaseALK\OpenGL_BaseALK\Debug\link-cvtres.read.1.tlog
D:\Estudos\+Unisinos\+CADEIRAS\Arquiteturas Gráficas de Computadores (2014-2)\Exercícios\Exercício2\OpenGL_BaseALK\OpenGL_BaseALK\Debug\link-cvtres.write.1.tlog
D:\Estudos\+Unisinos\+CADEIRAS\Arquiteturas Gráficas de Computadores (2014-2)\Exercícios\Exercício2\OpenGL_BaseALK\OpenGL_BaseALK\Debug\link-rc.read.1.tlog
D:\Estudos\+Unisinos\+CADEIRAS\Arquiteturas Gráficas de Computadores (2014-2)\Exercícios\Exercício2\OpenGL_BaseALK\OpenGL_BaseALK\Debug\link-rc.write.1.tlog
D:\Estudos\+Unisinos\+CADEIRAS\Arquiteturas Gráficas de Computadores (2014-2)\Exercícios\Exercício2\OpenGL_BaseALK\OpenGL_BaseALK\Debug\link.6400-cvtres.read.1.tlog
D:\Estudos\+Unisinos\+CADEIRAS\Arquiteturas Gráficas de Computadores (2014-2)\Exercícios\Exercício2\OpenGL_BaseALK\OpenGL_BaseALK\Debug\link.6400-cvtres.write.1.tlog
D:\Estudos\+Unisinos\+CADEIRAS\Arquiteturas Gráficas de Computadores (2014-2)\Exercícios\Exercício2\OpenGL_BaseALK\OpenGL_BaseALK\Debug\link.6400-rc.read.1.tlog
D:\Estudos\+Unisinos\+CADEIRAS\Arquiteturas Gráficas de Computadores (2014-2)\Exercícios\Exercício2\OpenGL_BaseALK\OpenGL_BaseALK\Debug\link.6400-rc.write.1.tlog
D:\Estudos\+Unisinos\+CADEIRAS\Arquiteturas Gráficas de Computadores (2014-2)\Exercícios\Exercício2\OpenGL_BaseALK\OpenGL_BaseALK\Debug\link.6400.read.1.tlog
D:\Estudos\+Unisinos\+CADEIRAS\Arquiteturas Gráficas de Computadores (2014-2)\Exercícios\Exercício2\OpenGL_BaseALK\OpenGL_BaseALK\Debug\link.6400.write.1.tlog
D:\Estudos\+Unisinos\+CADEIRAS\Arquiteturas Gráficas de Computadores (2014-2)\Exercícios\Exercício2\OpenGL_BaseALK\OpenGL_BaseALK\Debug\link.command.1.tlog
D:\Estudos\+Unisinos\+CADEIRAS\Arquiteturas Gráficas de Computadores (2014-2)\Exercícios\Exercício2\OpenGL_BaseALK\OpenGL_BaseALK\Debug\link.read.1.tlog
D:\Estudos\+Unisinos\+CADEIRAS\Arquiteturas Gráficas de Computadores (2014-2)\Exercícios\Exercício2\OpenGL_BaseALK\OpenGL_BaseALK\Debug\link.write.1.tlog
D:\Estudos\+Unisinos\+CADEIRAS\Arquiteturas Gráficas de Computadores (2014-2)\Exercícios\Exercício2\OpenGL_BaseALK\OpenGL_BaseALK\Debug\vc110.idb
D:\Estudos\+Unisinos\+CADEIRAS\Arquiteturas Gráficas de Computadores (2014-2)\Exercícios\Exercício2\OpenGL_BaseALK\OpenGL_BaseALK\Debug\vc110.pdb
D:\Estudos\+Unisinos\+CADEIRAS\Arquiteturas Gráficas de Computadores (2014-2)\Exercícios\Exercício2\OpenGL_BaseALK\Debug\OpenGL_BaseALK.pdb
D:\Estudos\+Unisinos\+CADEIRAS\Arquiteturas Gráficas de Computadores (2014-2)\Exercícios\Exercício2\OpenGL_BaseALK\Debug\OpenGL_BaseALK.exe
D:\Estudos\+Unisinos\+CADEIRAS\Arquiteturas Gráficas de Computadores (2014-2)\Exercícios\Exercício2\OpenGL_BaseALK\Debug\OpenGL_BaseALK.ilk
